This file contains any messages produced by compilers while
running configure, to aid debugging if configure makes a mistake.

It was created by HepMC configure 2.06.08, which was
generated by GNU Autoconf 2.63.  Invocation command line was

  $ ../HepMC-2.06.08/configure -prefix=/afs/cern.ch/user/m/mazhang/Projects/JetCal/HepMC

## --------- ##
## Platform. ##
## --------- ##

hostname = lxplus068.cern.ch
uname -m = x86_64
uname -r = 2.6.32-642.15.1.el6.x86_64
uname -s = Linux
uname -v = #1 SMP Fri Feb 24 16:56:37 CET 2017

/usr/bin/uname -p = unknown
/bin/uname -X     = unknown

/bin/arch              = x86_64
/usr/bin/arch -k       = unknown
/usr/convex/getsysinfo = unknown
/usr/bin/hostinfo      = unknown
/bin/machine           = unknown
/usr/bin/oslevel       = unknown
/bin/universe          = unknown

PATH: /afs/cern.ch/atlas/scripts
PATH: /afs/cern.ch/user/m/mazhang/scripts
PATH: /usr/sue/bin
PATH: /usr/lib64/qt-3.3/bin
PATH: /usr/kerberos/sbin
PATH: /usr/kerberos/bin
PATH: /usr/local/bin
PATH: /bin
PATH: /usr/bin
PATH: /usr/local/sbin
PATH: /usr/sbin
PATH: /sbin
PATH: /opt/puppetlabs/bin
PATH: /afs/cern.ch/user/m/mazhang/bin


## ----------- ##
## Core tests. ##
## ----------- ##

configure:1850: error: cannot find install-sh or install.sh in "../HepMC-2.06.08" "../HepMC-2.06.08/.." "../HepMC-2.06.08/../.."

## ---------------- ##
## Cache variables. ##
## ---------------- ##

ac_cv_env_CCC_set=
ac_cv_env_CCC_value=
ac_cv_env_CC_set=
ac_cv_env_CC_value=
ac_cv_env_CFLAGS_set=
ac_cv_env_CFLAGS_value=
ac_cv_env_CPPFLAGS_set=
ac_cv_env_CPPFLAGS_value=
ac_cv_env_CPP_set=
ac_cv_env_CPP_value=
ac_cv_env_CXXFLAGS_set=
ac_cv_env_CXXFLAGS_value=
ac_cv_env_CXX_set=
ac_cv_env_CXX_value=
ac_cv_env_LDFLAGS_set=
ac_cv_env_LDFLAGS_value=
ac_cv_env_LIBS_set=
ac_cv_env_LIBS_value=
ac_cv_env_build_alias_set=
ac_cv_env_build_alias_value=
ac_cv_env_host_alias_set=
ac_cv_env_host_alias_value=
ac_cv_env_target_alias_set=
ac_cv_env_target_alias_value=

## ----------------- ##
## Output variables. ##
## ----------------- ##

AM_CXXFLAGS=''
AM_MAKEFLAGS=''
CC=''
CFLAGS=''
CLHEPdir=''
COPY_P=''
CPP=''
CPPFLAGS=''
CXX=''
CXXFLAGS=''
DEFS=''
DIFF_Q=''
ECHO_C=''
ECHO_N='-n'
ECHO_T=''
EGREP=''
EXEEXT=''
GENSERdir=''
GREP=''
HEPMC_DEFAULT_LEN_UNIT=''
HEPMC_DEFAULT_MOM_UNIT=''
LDFLAGS=''
LIBOBJS=''
LIBRARY_VERSION=''
LIBS=''
LTLIBOBJS=''
OBJEXT=''
PACKAGE_BUGREPORT='https://savannah.cern.ch/projects/hepmc/'
PACKAGE_NAME='HepMC'
PACKAGE_STRING='HepMC 2.06.08'
PACKAGE_TARNAME='HepMC'
PACKAGE_VERSION='2.06.08'
PATH_SEPARATOR=':'
SET_MAKE=''
SHELL='/bin/sh'
ac_ct_CC=''
ac_ct_CXX=''
bindir='${exec_prefix}/bin'
build=''
build_alias=''
build_cpu=''
build_os=''
build_vendor=''
datadir='${datarootdir}'
datarootdir='${prefix}/share'
docdir='${datarootdir}/doc/${PACKAGE_TARNAME}'
dvidir='${docdir}'
exec_prefix='NONE'
host=''
host_alias=''
host_cpu=''
host_os=''
host_vendor=''
htmldir='${docdir}'
includedir='${prefix}/include'
infodir='${datarootdir}/info'
libdir='${exec_prefix}/lib'
libexecdir='${exec_prefix}/libexec'
localedir='${datarootdir}/locale'
localstatedir='${prefix}/var'
mandir='${datarootdir}/man'
oldincludedir='/usr/include'
pdfdir='${docdir}'
prefix='/afs/cern.ch/user/m/mazhang/Projects/JetCal/HepMC'
program_transform_name='s,x,x,'
psdir='${docdir}'
sbindir='${exec_prefix}/sbin'
sharedstatedir='${prefix}/com'
sysconfdir='${prefix}/etc'
target=''
target_alias=''
target_cpu=''
target_os=''
target_vendor=''

## ----------- ##
## confdefs.h. ##
## ----------- ##

#define PACKAGE_NAME "HepMC"
#define PACKAGE_TARNAME "HepMC"
#define PACKAGE_VERSION "2.06.08"
#define PACKAGE_STRING "HepMC 2.06.08"
#define PACKAGE_BUGREPORT "https://savannah.cern.ch/projects/hepmc/"

configure: exit 1
